Filename                                                                                                                   Regions    Missed Regions     Cover   Functions  Missed Functions  Executed       Lines      Missed Lines     Cover    Branches   Missed Branches     Cover
--------------------------------------------------------------------------------------------------------------------------------------------------------------------------------------------------------------------------------------------------------------------------------------
\Users\WSALIGAN\scoop\persist\rustup\.cargo\registry\src\index.crates.io-1949cf8c6b5b557f\tracing-0.1.44\src\macros.rs          10                10     0.00%           1                 1     0.00%           8                 8     0.00%           0                 0         -
\Users\WSALIGAN\code\brom\crates\brom-auth\src\password.rs                                                                      59                 5    91.53%           6                 1    83.33%          28                 1    96.43%           0                 0         -
\Users\WSALIGAN\code\brom\crates\brom-auth\src\rbac.rs                                                                          83                11    86.75%           5                 0   100.00%          53                 2    96.23%           0                 0         -
\Users\WSALIGAN\code\brom\crates\brom-cli\src\config.rs                                                                         10                10     0.00%           2                 2     0.00%           6                 6     0.00%           0                 0         -
\Users\WSALIGAN\code\brom\crates\brom-cli\src\main.rs                                                                           72                72     0.00%           3                 3     0.00%          49                49     0.00%           0                 0         -
\Users\WSALIGAN\code\brom\crates\brom-core\src\entity.rs                                                                        71                 0   100.00%           7                 0   100.00%          43                 0   100.00%           0                 0         -
\Users\WSALIGAN\code\brom\crates\brom-core\src\relation.rs                                                                      14                 0   100.00%           3                 0   100.00%          13                 0   100.00%           0                 0         -
\Users\WSALIGAN\code\brom\crates\brom-core\src\schema.rs                                                                        19                16    15.79%           4                 3    25.00%          18                13    27.78%           0                 0         -
\Users\WSALIGAN\code\brom\crates\brom-db\src\api_key_store.rs                                                                  268                42    84.33%          17                 9    47.06%         144                 9    93.75%           0                 0         -
\Users\WSALIGAN\code\brom\crates\brom-db\src\error.rs                                                                            6                 6     0.00%           2                 2     0.00%           6                 6     0.00%           0                 0         -
\Users\WSALIGAN\code\brom\crates\brom-db\src\migration.rs                                                                      104                93    10.58%          14                12    14.29%          98                56    42.86%           0                 0         -
\Users\WSALIGAN\code\brom\crates\brom-db\src\pool.rs                                                                            36                 2    94.44%           5                 0   100.00%          25                 0   100.00%           0                 0         -
\Users\WSALIGAN\code\brom\crates\brom-db\src\repository.rs                                                                     364                93    74.45%          39                22    43.59%         212                44    79.25%           0                 0         -
\Users\WSALIGAN\code\brom\crates\brom-db\src\session_store.rs                                                                  200                28    86.00%          16                 8    50.00%         112                 8    92.86%           0                 0         -
\Users\WSALIGAN\code\brom\crates\brom-macros\src\entity.rs                                                                     109                13    88.07%           4                 0   100.00%          74                14    81.08%           0                 0         -
\Users\WSALIGAN\code\brom\crates\brom-macros\src\lib.rs                                                                          8                 0   100.00%           1                 0   100.00%           6                 0   100.00%           0                 0         -
\Users\WSALIGAN\code\brom\crates\brom-macros\src\openapi.rs                                                                     11                 0   100.00%           1                 0   100.00%           7                 0   100.00%           0                 0         -
\Users\WSALIGAN\code\brom\crates\brom-macros\src\routes.rs                                                                      21                 0   100.00%           1                 0   100.00%          10                 0   100.00%           0                 0         -
\Users\WSALIGAN\code\brom\crates\brom-macros\src\schema.rs                                                                     218                80    63.30%           5                 0   100.00%         120                30    75.00%           0                 0         -
\Users\WSALIGAN\code\brom\crates\brom-server\src\error.rs                                                                       55                 0   100.00%           9                 0   100.00%          56                 0   100.00%           0                 0         -
\Users\WSALIGAN\code\brom\crates\brom-server\src\extractor.rs                                                                  154                 6    96.10%          15                 0   100.00%         101                 1    99.01%           0                 0         -
\Users\WSALIGAN\code\brom\crates\brom-server\src\lib.rs                                                                          4                 4     0.00%           1                 1     0.00%           3                 3     0.00%           0                 0         -
\Users\WSALIGAN\code\brom\crates\brom-server\src\middleware.rs                                                                  19                19     0.00%           2                 2     0.00%          18                18     0.00%           0                 0         -
\Users\WSALIGAN\code\brom\crates\brom-server\src\openapi.rs                                                                      5                 5     0.00%           1                 1     0.00%           3                 3     0.00%           0                 0         -
\Users\WSALIGAN\code\brom\crates\brom-server\src\router.rs                                                                      67                67     0.00%           6                 6     0.00%          45                45     0.00%           0                 0         -
\Users\WSALIGAN\code\brom\crates\brom-server\src\schema_api.rs                                                                   4                 4     0.00%           2                 2     0.00%           4                 4     0.00%           0                 0         -
--------------------------------------------------------------------------------------------------------------------------------------------------------------------------------------------------------------------------------------------------------------------------------------
TOTAL                                                                                                                         1991               586    70.57%         172                75    56.40%        1262               320    74.64%           0                 0         -
